<?xml version="1.0" encoding="UTF-8"?>
<!-- Generated by org.testng.reporters.JUnitReportReporter -->
<testsuite hostname="ManvithsDell" failures="0" tests="8" name="learntestNG.TestScenario3" time="0.015" errors="0" timestamp="2023-11-07T20:30:42 EST" skipped="0">
  <testcase classname="learntestNG.TestScenario3" name="sixth_testcase" time="0.002"/>
  <testcase classname="learntestNG.TestScenario3" name="seventh_testcase" time="0.001"/>
  <testcase classname="learntestNG.TestScenario3" name="third_testcase" time="0.001"/>
  <testcase classname="learntestNG.TestScenario3" name="second_testcase" time="0.002"/>
  <testcase classname="learntestNG.TestScenario3" name="fifth_testcase" time="0.002"/>
  <testcase classname="learntestNG.TestScenario3" name="first_testcase" time="0.002"/>
  <testcase classname="learntestNG.TestScenario3" name="fourth_testcase" time="0.002"/>
  <testcase classname="learntestNG.TestScenario3" name="eighth_testcase" time="0.003"/>
</testsuite> <!-- learntestNG.TestScenario3 -->
