<?xml version="1.0" encoding="UTF-8"?>
<!-- Generated by org.testng.reporters.JUnitReportReporter -->
<testsuite hostname="ManvithsDell" failures="0" tests="8" name="learntestNG.TestScenario9" time="0.006" errors="0" timestamp="2023-11-07T20:30:42 EST" skipped="0">
  <testcase classname="learntestNG.TestScenario9" name="second_testcase" time="0.002"/>
  <testcase classname="learntestNG.TestScenario9" name="first_testcase" time="0.000"/>
  <testcase classname="learntestNG.TestScenario9" name="seventh_testcase" time="0.001"/>
  <testcase classname="learntestNG.TestScenario9" name="sixth_testcase" time="0.000"/>
  <testcase classname="learntestNG.TestScenario9" name="third_testcase" time="0.001"/>
  <testcase classname="learntestNG.TestScenario9" name="fifth_testcase" time="0.000"/>
  <testcase classname="learntestNG.TestScenario9" name="fourth_testcase" time="0.001"/>
  <testcase classname="learntestNG.TestScenario9" name="eighth_testcase" time="0.001"/>
</testsuite> <!-- learntestNG.TestScenario9 -->
