<?xml version="1.0" encoding="UTF-8"?>
<!-- Generated by org.testng.reporters.JUnitReportReporter -->
<testsuite hostname="ManvithsDell" failures="0" tests="8" name="learntestNG.TestScenario4" time="0.029" errors="0" timestamp="2023-11-07T20:30:42 EST" skipped="0">
  <testcase classname="learntestNG.TestScenario4" name="third_testcase" time="0.002"/>
  <testcase classname="learntestNG.TestScenario4" name="fourth_testcase" time="0.003"/>
  <testcase classname="learntestNG.TestScenario4" name="seventh_testcase" time="0.004"/>
  <testcase classname="learntestNG.TestScenario4" name="sixth_testcase" time="0.002"/>
  <testcase classname="learntestNG.TestScenario4" name="second_testcase" time="0.003"/>
  <testcase classname="learntestNG.TestScenario4" name="first_testcase" time="0.002"/>
  <testcase classname="learntestNG.TestScenario4" name="eighth_testcase" time="0.010"/>
  <testcase classname="learntestNG.TestScenario4" name="fifth_testcase" time="0.003"/>
</testsuite> <!-- learntestNG.TestScenario4 -->
